{
  message: '🎯 Database is connected successfully',
  level: 'info',
  service: 'user-service',
  label: 'PHero',
  timestamp: '2023-06-06T17:40:03.802Z'
}
{
  message: 'Application listening on port 5000',
  level: 'info',
  service: 'user-service',
  label: 'PHero',
  timestamp: '2023-06-06T17:40:03.810Z'
}
{
  message: '🎯 Database is connected successfully',
  level: 'info',
  service: 'user-service',
  label: 'PHero',
  timestamp: '2023-06-06T17:40:43.733Z'
}
{
  message: 'Application listening on port 5000',
  level: 'info',
  service: 'user-service',
  label: 'PHero',
  timestamp: '2023-06-06T17:40:43.744Z'
}
{
  message: '🎯 Database is connected successfully',
  level: 'info',
  service: 'user-service',
  label: 'PHero',
  timestamp: '2023-06-06T17:53:04.169Z'
}
{
  message: 'Application listening on port 5000',
  level: 'info',
  service: 'user-service',
  label: 'PHero',
  timestamp: '2023-06-06T17:53:04.179Z'
}
Tue Jun 06 2023 23:53:15 [PHero] info:🎯 Database is connected successfully
Tue Jun 06 2023 23:53:15 [PHero] info:Application listening on port 5000
